<?xml version="1.0" encoding="UTF-8"?>
<!-- Generated by org.testng.reporters.JUnitXMLReporter -->
<testsuite ignored="0" hostname="DESKTOP-HNCM05E" failures="2" tests="4" name="Test" time="8.951" errors="0" timestamp="2022-11-08T11:53:03 IST">
  <testcase classname="Test.task4" name="title" time="0.076"/>
  <testcase classname="Test.operations" name="geturl" time="0.013"/>
  <testcase classname="Test.operations" name="dropdown" time="0.003">
    <failure type="java.lang.Error" message="Unresolved compilation problem: 
	Syntax error, insert &amp;quot;}&amp;quot; to complete Block
">
      <![CDATA[java.lang.Error: Unresolved compilation problem: 
Syntax error, insert "}" to complete Block

at Test.operations.dropdown(operations.java:27)
at java.base/java.util.ArrayList.forEach(ArrayList.java:1511)
... Removed 25 stack frames]]>
    </failure>
  </testcase> <!-- dropdown -->
  <testcase classname="Test.operations" name="screenshot" time="0.721">
    <failure type="java.lang.IllegalArgumentException" message="Source &amp;apos;C:\Users\malepatigreeshma\OneDrive\Pictures\pic3.png&amp;apos; is not a directory">
      <![CDATA[java.lang.IllegalArgumentException: Source 'C:\Users\malepatigreeshma\OneDrive\Pictures\pic3.png' is not a directory
at org.apache.commons.io.FileUtils.copyDirectoryToDirectory(FileUtils.java:1194)
at Test.operations.screenshot(operations.java:34)
at java.base/java.util.ArrayList.forEach(ArrayList.java:1511)
... Removed 25 stack frames]]>
    </failure>
  </testcase> <!-- screenshot -->
</testsuite> <!-- Test -->
